<?xml version="1.0" encoding="UTF-8" standalone="yes"?>
<testsuites name="TestSuite1" time="16" tests="5" failures="0" errors="0">
    <testsuite name="TestSuite1" tests="5" failures="0" errors="0" time="16" timestamp="2019-10-09 14:29:15" hostname="saikrishna1110 - saikrishnam.innocore.in" id="Test Suites/TestSuite1">
        <properties>
            <property name="deviceName" value=""/>
            <property name="devicePlatform" value=""/>
            <property name="logFolder" value="C:\\Users\\saikrishna1110\\Katalon Studio\\API Demo Project\\Reports\\TestSuite1\\20191009_142913"/>
            <property name="logFiles" value="C:\\Users\\saikrishna1110\\Katalon Studio\\API Demo Project\\Reports\\TestSuite1\\20191009_142913\\execution0.log"/>
            <property name="attachments" value=""/>
            <property name="hostName" value="saikrishna1110 - saikrishnam.innocore.in"/>
            <property name="hostAddress" value="11.11.1.125"/>
            <property name="os" value="Windows 10 64bit"/>
            <property name="katalonVersion" value="6.1.5.3"/>
        </properties>
        <testcase name="Test Cases/CalculatorTests/Addition" classname="Test Cases/CalculatorTests/Addition" status="PASSED">
            <system-out>2019-10-09 14:29:15 - [TEST_CASE][PASSED] - Test Cases/CalculatorTests/Addition: Test Cases/CalculatorTests/Addition&#xD;
&#xD;
2019-10-09 14:29:15 - [TEST_STEP][PASSED] - sendRequest(findTestObject("CalculatorSoapService/Addition")): Send request successfully&#xD;
&#xD;
2019-10-09 14:29:19 - [MESSAGE][INFO] - HAR: C:\Users\saikrishna1110\Katalon Studio\API Demo Project\Reports\TestSuite1\20191009_142913\requests\main\0.har&#xD;
&#xD;
2019-10-09 14:29:19 - [MESSAGE][PASSED] - Send request successfully&#xD;
&#xD;
2019-10-09 14:29:19 - [TEST_STEP][PASSED] - Result = sendRequestAndVerify(findTestObject("CalculatorSoapService/Addition")): Send request and verify the response successfully&#xD;
&#xD;
2019-10-09 14:29:21 - [TEST_CASE][PASSED] - Start Test Case : Verification: Verification accomplished successfully&#xD;
&#xD;
2019-10-09 14:29:21 - [TEST_STEP][PASSED] - request = getInstance().getCurrentRequest(): null&#xD;
&#xD;
2019-10-09 14:29:21 - [TEST_STEP][PASSED] - response = getInstance().getCurrentResponse(): null&#xD;
&#xD;
2019-10-09 14:29:21 - [TEST_STEP][PASSED] - getResponseText()).contains("AddResult"): null&#xD;
&#xD;
2019-10-09 14:29:21 - [TEST_STEP][PASSED] - verifyResponseStatusCode(response, 200): Verify response status code successfully&#xD;
&#xD;
2019-10-09 14:29:22 - [MESSAGE][PASSED] - Verify response status code successfully&#xD;
&#xD;
2019-10-09 14:29:22 - [TEST_STEP][PASSED] - getStatusCode()).isEqualTo(200): null&#xD;
&#xD;
2019-10-09 14:29:22 - [MESSAGE][PASSED] - Verify response successfully&#xD;
&#xD;
2019-10-09 14:29:22 - [MESSAGE][PASSED] - Send request and verify the response successfully</system-out>
            <system-err></system-err>
        </testcase>
        <testcase name="Test Cases/CalculatorTests/Subtract" classname="Test Cases/CalculatorTests/Subtract" status="PASSED">
            <system-out>2019-10-09 14:29:22 - [TEST_CASE][PASSED] - Test Cases/CalculatorTests/Subtract: Test Cases/CalculatorTests/Subtract&#xD;
&#xD;
2019-10-09 14:29:22 - [TEST_STEP][PASSED] - Result = sendRequest(findTestObject("CalculatorSoapService/Subtract")): Send request successfully&#xD;
&#xD;
2019-10-09 14:29:24 - [MESSAGE][INFO] - HAR: C:\Users\saikrishna1110\Katalon Studio\API Demo Project\Reports\TestSuite1\20191009_142913\requests\main\1.har&#xD;
&#xD;
2019-10-09 14:29:24 - [MESSAGE][PASSED] - Send request successfully</system-out>
            <system-err></system-err>
        </testcase>
        <testcase name="Test Cases/GetBankDetails" classname="Test Cases/GetBankDetails" status="PASSED">
            <system-out>2019-10-09 14:29:24 - [TEST_CASE][PASSED] - Test Cases/GetBankDetails: Test Cases/GetBankDetails&#xD;
&#xD;
2019-10-09 14:29:24 - [TEST_STEP][PASSED] - sendRequest(findTestObject("SOAP/getBank")): Send request successfully&#xD;
&#xD;
2019-10-09 14:29:25 - [MESSAGE][INFO] - HAR: C:\Users\saikrishna1110\Katalon Studio\API Demo Project\Reports\TestSuite1\20191009_142913\requests\main\2.har&#xD;
&#xD;
2019-10-09 14:29:25 - [MESSAGE][PASSED] - Send request successfully</system-out>
            <system-err></system-err>
        </testcase>
        <testcase name="Test Cases/ListUsersTest" classname="Test Cases/ListUsersTest" status="PASSED">
            <system-out>2019-10-09 14:29:25 - [TEST_CASE][PASSED] - Test Cases/ListUsersTest: Test Cases/ListUsersTest&#xD;
&#xD;
2019-10-09 14:29:25 - [TEST_STEP][PASSED] - sendRequest(findTestObject("UserRestService/ListUsers")): Send request successfully&#xD;
&#xD;
2019-10-09 14:29:27 - [MESSAGE][INFO] - HAR: C:\Users\saikrishna1110\Katalon Studio\API Demo Project\Reports\TestSuite1\20191009_142913\requests\main\3.har&#xD;
&#xD;
2019-10-09 14:29:27 - [MESSAGE][PASSED] - Send request successfully&#xD;
&#xD;
2019-10-09 14:29:27 - [TEST_STEP][PASSED] - response = sendRequestAndVerify(findTestObject("UserRestService/ListUsers")): Send request and verify the response successfully&#xD;
&#xD;
2019-10-09 14:29:28 - [TEST_CASE][PASSED] - Start Test Case : Verification: Verification accomplished successfully&#xD;
&#xD;
2019-10-09 14:29:28 - [TEST_STEP][PASSED] - request = getInstance().getCurrentRequest(): null&#xD;
&#xD;
2019-10-09 14:29:28 - [TEST_STEP][PASSED] - response = getInstance().getCurrentResponse(): null&#xD;
&#xD;
2019-10-09 14:29:28 - [TEST_STEP][PASSED] - verifyResponseStatusCode(response, 200): Verify response status code successfully&#xD;
&#xD;
2019-10-09 14:29:28 - [MESSAGE][PASSED] - Verify response status code successfully&#xD;
&#xD;
2019-10-09 14:29:28 - [TEST_STEP][PASSED] - getStatusCode()).isEqualTo(200): null&#xD;
&#xD;
2019-10-09 14:29:28 - [TEST_STEP][PASSED] - verifyElementPropertyValue(response, "data[1].first_name", "Lindsay"): Verify element property value successfully&#xD;
&#xD;
2019-10-09 14:29:28 - [MESSAGE][PASSED] - Verify element property value successfully&#xD;
&#xD;
2019-10-09 14:29:28 - [MESSAGE][PASSED] - Verify response successfully&#xD;
&#xD;
2019-10-09 14:29:28 - [MESSAGE][PASSED] - Send request and verify the response successfully&#xD;
&#xD;
2019-10-09 14:29:28 - [TEST_STEP][PASSED] - verifyElementPropertyValue(response, "data[1].first_name", "Lindsay"): Verify element property value successfully&#xD;
&#xD;
2019-10-09 14:29:28 - [MESSAGE][PASSED] - Verify element property value successfully&#xD;
&#xD;
2019-10-09 14:29:28 - [TEST_STEP][PASSED] - verifyElementPropertyValue(response, "data[3].id", "10"): Verify element property value successfully&#xD;
&#xD;
2019-10-09 14:29:28 - [MESSAGE][PASSED] - Verify element property value successfully&#xD;
&#xD;
2019-10-09 14:29:28 - [TEST_STEP][PASSED] - verifyResponseStatusCodeInRange(response, 100, 200): Verify response status code successfully&#xD;
&#xD;
2019-10-09 14:29:28 - [MESSAGE][PASSED] - Verify response status code successfully</system-out>
            <system-err></system-err>
        </testcase>
        <testcase name="Test Cases/TestHTTPMethods" classname="Test Cases/TestHTTPMethods" status="PASSED">
            <system-out>2019-10-09 14:29:28 - [TEST_CASE][PASSED] - Test Cases/TestHTTPMethods: Test Cases/TestHTTPMethods&#xD;
&#xD;
2019-10-09 14:29:28 - [TEST_STEP][PASSED] - sendRequestAndVerify(findTestObject("UserRestService/ListUsers")): Send request and verify the response successfully&#xD;
&#xD;
2019-10-09 14:29:29 - [TEST_CASE][PASSED] - Start Test Case : Verification: Verification accomplished successfully&#xD;
&#xD;
2019-10-09 14:29:29 - [TEST_STEP][PASSED] - request = getInstance().getCurrentRequest(): null&#xD;
&#xD;
2019-10-09 14:29:29 - [TEST_STEP][PASSED] - response = getInstance().getCurrentResponse(): null&#xD;
&#xD;
2019-10-09 14:29:29 - [TEST_STEP][PASSED] - verifyResponseStatusCode(response, 200): Verify response status code successfully&#xD;
&#xD;
2019-10-09 14:29:29 - [MESSAGE][PASSED] - Verify response status code successfully&#xD;
&#xD;
2019-10-09 14:29:29 - [TEST_STEP][PASSED] - getStatusCode()).isEqualTo(200): null&#xD;
&#xD;
2019-10-09 14:29:29 - [TEST_STEP][PASSED] - verifyElementPropertyValue(response, "data[1].first_name", "Lindsay"): Verify element property value successfully&#xD;
&#xD;
2019-10-09 14:29:29 - [MESSAGE][PASSED] - Verify element property value successfully&#xD;
&#xD;
2019-10-09 14:29:29 - [MESSAGE][PASSED] - Verify response successfully&#xD;
&#xD;
2019-10-09 14:29:29 - [MESSAGE][PASSED] - Send request and verify the response successfully&#xD;
&#xD;
2019-10-09 14:29:29 - [TEST_STEP][PASSED] - sendRequestAndVerify(findTestObject("UserRestService/DeleteUser")): Send request and verify the response successfully&#xD;
&#xD;
2019-10-09 14:29:30 - [TEST_CASE][PASSED] - Start Test Case : Verification: Verification accomplished successfully&#xD;
&#xD;
2019-10-09 14:29:30 - [TEST_STEP][PASSED] - request = getInstance().getCurrentRequest(): null&#xD;
&#xD;
2019-10-09 14:29:30 - [TEST_STEP][PASSED] - response = getInstance().getCurrentResponse(): null&#xD;
&#xD;
2019-10-09 14:29:30 - [TEST_STEP][PASSED] - verifyResponseStatusCode(response, 204): Verify response status code successfully&#xD;
&#xD;
2019-10-09 14:29:30 - [MESSAGE][PASSED] - Verify response status code successfully&#xD;
&#xD;
2019-10-09 14:29:30 - [TEST_STEP][PASSED] - getStatusCode()).isEqualTo(204): null&#xD;
&#xD;
2019-10-09 14:29:30 - [MESSAGE][PASSED] - Verify response successfully&#xD;
&#xD;
2019-10-09 14:29:30 - [MESSAGE][PASSED] - Send request and verify the response successfully&#xD;
&#xD;
2019-10-09 14:29:30 - [TEST_STEP][PASSED] - sendRequestAndVerify(findTestObject("UserRestService/UpdateUser")): Send request and verify the response successfully&#xD;
&#xD;
2019-10-09 14:29:31 - [TEST_CASE][PASSED] - Start Test Case : Verification: Verification accomplished successfully&#xD;
&#xD;
2019-10-09 14:29:31 - [TEST_STEP][PASSED] - request = getInstance().getCurrentRequest(): null&#xD;
&#xD;
2019-10-09 14:29:31 - [TEST_STEP][PASSED] - response = getInstance().getCurrentResponse(): null&#xD;
&#xD;
2019-10-09 14:29:31 - [TEST_STEP][PASSED] - verifyResponseStatusCode(response, 200): Verify response status code successfully&#xD;
&#xD;
2019-10-09 14:29:31 - [MESSAGE][PASSED] - Verify response status code successfully&#xD;
&#xD;
2019-10-09 14:29:31 - [TEST_STEP][PASSED] - getStatusCode()).isEqualTo(200): null&#xD;
&#xD;
2019-10-09 14:29:31 - [MESSAGE][PASSED] - Verify response successfully&#xD;
&#xD;
2019-10-09 14:29:31 - [MESSAGE][PASSED] - Send request and verify the response successfully&#xD;
&#xD;
2019-10-09 14:29:31 - [TEST_STEP][PASSED] - sendRequestAndVerify(findTestObject("UserRestService/CreateUser")): Send request and verify the response successfully&#xD;
&#xD;
2019-10-09 14:29:31 - [TEST_CASE][PASSED] - Start Test Case : Verification: Verification accomplished successfully&#xD;
&#xD;
2019-10-09 14:29:31 - [TEST_STEP][PASSED] - request = getInstance().getCurrentRequest(): null&#xD;
&#xD;
2019-10-09 14:29:31 - [TEST_STEP][PASSED] - response = getInstance().getCurrentResponse(): null&#xD;
&#xD;
2019-10-09 14:29:31 - [TEST_STEP][PASSED] - verifyResponseStatusCode(response, 201): Verify response status code successfully&#xD;
&#xD;
2019-10-09 14:29:31 - [MESSAGE][PASSED] - Verify response status code successfully&#xD;
&#xD;
2019-10-09 14:29:31 - [TEST_STEP][PASSED] - getStatusCode()).isEqualTo(201): null&#xD;
&#xD;
2019-10-09 14:29:31 - [MESSAGE][PASSED] - Verify response successfully&#xD;
&#xD;
2019-10-09 14:29:31 - [MESSAGE][PASSED] - Send request and verify the response successfully</system-out>
            <system-err></system-err>
        </testcase>
        <system-out>2019-10-09 14:29:15 - [TEST_SUITE][INCOMPLETE] - TestSuite1: null</system-out>
        <system-err>2019-10-09 14:29:15 - [TEST_SUITE][INCOMPLETE] - TestSuite1: null</system-err>
    </testsuite>
</testsuites>
